<?xml version="1.0" encoding="UTF-8" ?>
<testsuite tests="4" failures="0" name="com.niit.stop2shop.testcases.UserTestCase" time="19.236" errors="0" skipped="3">
  <properties>
[...]
</properties>
  <testcase classname="com.niit.stop2shop.testcases.UserTestCase" name="validateUserTestCase" time="6.354">
    <skipped/>
    <system-err>Jul 25, 2018 1:53:38 PM org.springframework.context.annotation.AnnotationConfigApplicationContext prepareRefresh
INFO: Refreshing org.springframework.context.annotation.AnnotationConfigApplicationContext@3cb5cdba: startup date [Wed Jul 25 13:53:38 IST 2018]; root of context hierarchy
Jul 25, 2018 1:53:40 PM org.springframework.jdbc.datasource.DriverManagerDataSource setDriverClassName
INFO: Loaded JDBC driver: org.h2.Driver
Jul 25, 2018 1:53:40 PM org.hibernate.annotations.common.reflection.java.JavaReflectionManager &lt;clinit&gt;
INFO: HCANN000001: Hibernate Commons Annotations {4.0.4.Final}
Jul 25, 2018 1:53:40 PM org.hibernate.Version logVersion
INFO: HHH000412: Hibernate Core {4.3.5.Final}
Jul 25, 2018 1:53:40 PM org.hibernate.cfg.Environment &lt;clinit&gt;
INFO: HHH000206: hibernate.properties not found
Jul 25, 2018 1:53:40 PM org.hibernate.cfg.Environment buildBytecodeProvider
INFO: HHH000021: Bytecode provider name : javassist
Jul 25, 2018 1:53:41 PM org.hibernate.dialect.Dialect &lt;init&gt;
INFO: HHH000400: Using dialect: org.hibernate.dialect.H2Dialect
Jul 25, 2018 1:53:42 PM org.hibernate.engine.transaction.internal.TransactionFactoryInitiator initiateService
INFO: HHH000399: Using default transaction strategy (direct JDBC transactions)
Jul 25, 2018 1:53:42 PM org.hibernate.hql.internal.ast.ASTQueryTranslatorFactory &lt;init&gt;
INFO: HHH000397: Using ASTQueryTranslatorFactory
Jul 25, 2018 1:53:42 PM org.hibernate.validator.internal.util.Version &lt;clinit&gt;
INFO: HV000001: Hibernate Validator 5.2.4.Final
Jul 25, 2018 1:53:43 PM org.hibernate.tool.hbm2ddl.SchemaUpdate execute
INFO: HHH000228: Running hbm2ddl schema update
Jul 25, 2018 1:53:43 PM org.hibernate.tool.hbm2ddl.SchemaUpdate execute
INFO: HHH000102: Fetching database metadata
Jul 25, 2018 1:53:43 PM org.hibernate.tool.hbm2ddl.SchemaUpdate execute
INFO: HHH000396: Updating schema
Jul 25, 2018 1:53:43 PM org.hibernate.tool.hbm2ddl.TableMetadata &lt;init&gt;
INFO: HHH000261: Table found: TEST5.PUBLIC.ADDRESS
Jul 25, 2018 1:53:43 PM org.hibernate.tool.hbm2ddl.TableMetadata &lt;init&gt;
INFO: HHH000037: Columns: [country, pin, city, user_id, street, h_no, id]
Jul 25, 2018 1:53:43 PM org.hibernate.tool.hbm2ddl.TableMetadata &lt;init&gt;
INFO: HHH000108: Foreign keys: []
Jul 25, 2018 1:53:43 PM org.hibernate.tool.hbm2ddl.TableMetadata &lt;init&gt;
INFO: HHH000126: Indexes: [primary_key_e]
Jul 25, 2018 1:53:43 PM org.hibernate.tool.hbm2ddl.TableMetadata &lt;init&gt;
INFO: HHH000261: Table found: TEST5.PUBLIC.CATEGORY
Jul 25, 2018 1:53:43 PM org.hibernate.tool.hbm2ddl.TableMetadata &lt;init&gt;
INFO: HHH000037: Columns: [name, description, id]
Jul 25, 2018 1:53:43 PM org.hibernate.tool.hbm2ddl.TableMetadata &lt;init&gt;
INFO: HHH000108: Foreign keys: []
Jul 25, 2018 1:53:43 PM org.hibernate.tool.hbm2ddl.TableMetadata &lt;init&gt;
INFO: HHH000126: Indexes: [primary_key_3]
Jul 25, 2018 1:53:43 PM org.hibernate.tool.hbm2ddl.TableMetadata &lt;init&gt;
INFO: HHH000261: Table found: TEST5.PUBLIC.CONTACT
Jul 25, 2018 1:53:43 PM org.hibernate.tool.hbm2ddl.TableMetadata &lt;init&gt;
INFO: HHH000037: Columns: [contact, name, id, message, email]
Jul 25, 2018 1:53:43 PM org.hibernate.tool.hbm2ddl.TableMetadata &lt;init&gt;
INFO: HHH000108: Foreign keys: []
Jul 25, 2018 1:53:43 PM org.hibernate.tool.hbm2ddl.TableMetadata &lt;init&gt;
INFO: HHH000126: Indexes: [primary_key_6]
Jul 25, 2018 1:53:43 PM org.hibernate.tool.hbm2ddl.TableMetadata &lt;init&gt;
INFO: HHH000261: Table found: TEST5.PUBLIC.MY_CART
Jul 25, 2018 1:53:43 PM org.hibernate.tool.hbm2ddl.TableMetadata &lt;init&gt;
INFO: HHH000037: Columns: [date_added, quantity, user_id, price, id, product_name, status]
Jul 25, 2018 1:53:43 PM org.hibernate.tool.hbm2ddl.TableMetadata &lt;init&gt;
INFO: HHH000108: Foreign keys: []
Jul 25, 2018 1:53:43 PM org.hibernate.tool.hbm2ddl.TableMetadata &lt;init&gt;
INFO: HHH000126: Indexes: [primary_key_8]
Jul 25, 2018 1:53:43 PM org.hibernate.tool.hbm2ddl.TableMetadata &lt;init&gt;
INFO: HHH000261: Table found: TEST5.PUBLIC.ORDERTABLE
Jul 25, 2018 1:53:43 PM org.hibernate.tool.hbm2ddl.TableMetadata &lt;init&gt;
INFO: HHH000037: Columns: [user_id, id, date_ordered, status]
Jul 25, 2018 1:53:43 PM org.hibernate.tool.hbm2ddl.TableMetadata &lt;init&gt;
INFO: HHH000108: Foreign keys: []
Jul 25, 2018 1:53:43 PM org.hibernate.tool.hbm2ddl.TableMetadata &lt;init&gt;
INFO: HHH000126: Indexes: [primary_key_4]
Jul 25, 2018 1:53:43 PM org.hibernate.tool.hbm2ddl.TableMetadata &lt;init&gt;
INFO: HHH000261: Table found: TEST5.PUBLIC.PRODUCT
Jul 25, 2018 1:53:43 PM org.hibernate.tool.hbm2ddl.TableMetadata &lt;init&gt;
INFO: HHH000037: Columns: [quantity, category_id, price, name, description, id, supplier_id]
Jul 25, 2018 1:53:43 PM org.hibernate.tool.hbm2ddl.TableMetadata &lt;init&gt;
INFO: HHH000108: Foreign keys: [fk_rs36j88onyhh1iunlr6qthvj6, fk_b7afq93qsn7aoydaftixggf14]
Jul 25, 2018 1:53:43 PM org.hibernate.tool.hbm2ddl.TableMetadata &lt;init&gt;
INFO: HHH000126: Indexes: [primary_key_1, fk_b7afq93qsn7aoydaftixggf14_index_1, fk_rs36j88onyhh1iunlr6qthvj6_index_1]
Jul 25, 2018 1:53:43 PM org.hibernate.tool.hbm2ddl.TableMetadata &lt;init&gt;
INFO: HHH000261: Table found: TEST5.PUBLIC.SUPPLIER
Jul 25, 2018 1:53:43 PM org.hibernate.tool.hbm2ddl.TableMetadata &lt;init&gt;
INFO: HHH000037: Columns: [address, name, id]
Jul 25, 2018 1:53:43 PM org.hibernate.tool.hbm2ddl.TableMetadata &lt;init&gt;
INFO: HHH000108: Foreign keys: []
Jul 25, 2018 1:53:43 PM org.hibernate.tool.hbm2ddl.TableMetadata &lt;init&gt;
INFO: HHH000126: Indexes: [primary_key_c]
Jul 25, 2018 1:53:43 PM org.hibernate.tool.hbm2ddl.TableMetadata &lt;init&gt;
INFO: HHH000261: Table found: TEST5.PUBLIC.USER
Jul 25, 2018 1:53:43 PM org.hibernate.tool.hbm2ddl.TableMetadata &lt;init&gt;
INFO: HHH000037: Columns: [country, password, address, role, contact, name, id, email]
Jul 25, 2018 1:53:43 PM org.hibernate.tool.hbm2ddl.TableMetadata &lt;init&gt;
INFO: HHH000108: Foreign keys: []
Jul 25, 2018 1:53:43 PM org.hibernate.tool.hbm2ddl.TableMetadata &lt;init&gt;
INFO: HHH000126: Indexes: [primary_key_2]
Jul 25, 2018 1:53:43 PM org.hibernate.tool.hbm2ddl.SchemaUpdate execute
INFO: HHH000232: Schema update complete
Jul 25, 2018 1:53:43 PM org.springframework.orm.hibernate4.HibernateTransactionManager afterPropertiesSet
INFO: Using DataSource [org.springframework.jdbc.datasource.DriverManagerDataSource@61608e1a] of Hibernate SessionFactory for HibernateTransactionManager
</system-err>
  </testcase>
  <testcase classname="com.niit.stop2shop.testcases.UserTestCase" name="createUserTestCase" time="6.355">
    <skipped/>
  </testcase>
  <testcase classname="com.niit.stop2shop.testcases.UserTestCase" name="listAllUserTestCase" time="6.355">
    <skipped/>
  </testcase>
  <testcase classname="com.niit.stop2shop.testcases.UserTestCase" name="updateUserTestCase" time="0.172"/>
</testsuite>